  AVL_Tree.cpp
C:\Users\admin\OneDrive - Ngee Ann Polytechnic\Desktop\Sem 2.2\DSA\A\DSA_Assignment\DSA_Assignment\DSA_Assignment\arrayList.h(7,24): error C4430: missing type specifier - int assumed. Note: C++ does not support default-int
C:\Users\admin\OneDrive - Ngee Ann Polytechnic\Desktop\Sem 2.2\DSA\A\DSA_Assignment\DSA_Assignment\DSA_Assignment\arrayList.h(7,16): error C2146: syntax error: missing ';' before identifier 'ItemType'
C:\Users\admin\OneDrive - Ngee Ann Polytechnic\Desktop\Sem 2.2\DSA\A\DSA_Assignment\DSA_Assignment\DSA_Assignment\arrayList.h(11,23): error C3646: 'items': unknown override specifier
C:\Users\admin\OneDrive - Ngee Ann Polytechnic\Desktop\Sem 2.2\DSA\A\DSA_Assignment\DSA_Assignment\DSA_Assignment\arrayList.h(11,23): error C2143: syntax error: missing ',' before '['
C:\Users\admin\OneDrive - Ngee Ann Polytechnic\Desktop\Sem 2.2\DSA\A\DSA_Assignment\DSA_Assignment\DSA_Assignment\arrayList.h(11,33): error C2143: syntax error: missing ')' before ';'
C:\Users\admin\OneDrive - Ngee Ann Polytechnic\Desktop\Sem 2.2\DSA\A\DSA_Assignment\DSA_Assignment\DSA_Assignment\arrayList.h(11,33): error C2238: unexpected token(s) preceding ';'
C:\Users\admin\OneDrive - Ngee Ann Polytechnic\Desktop\Sem 2.2\DSA\A\DSA_Assignment\DSA_Assignment\DSA_Assignment\arrayList.h(17,27): error C2061: syntax error: identifier 'ItemType'
C:\Users\admin\OneDrive - Ngee Ann Polytechnic\Desktop\Sem 2.2\DSA\A\DSA_Assignment\DSA_Assignment\DSA_Assignment\arrayList.h(18,38): error C2061: syntax error: identifier 'ItemType'
C:\Users\admin\OneDrive - Ngee Ann Polytechnic\Desktop\Sem 2.2\DSA\A\DSA_Assignment\DSA_Assignment\DSA_Assignment\Weapon.h(6,7): error C2371: 'Weapon': redefinition; different basic types
C:\Users\admin\OneDrive - Ngee Ann Polytechnic\Desktop\Sem 2.2\DSA\A\DSA_Assignment\DSA_Assignment\DSA_Assignment\arrayList.h(7): message : see declaration of 'Weapon'
C:\Users\admin\OneDrive - Ngee Ann Polytechnic\Desktop\Sem 2.2\DSA\A\DSA_Assignment\DSA_Assignment\DSA_Assignment\BinaryNode.h(3,24): error C2378: 'ItemType': redefinition; symbol cannot be overloaded with a typedef
C:\Users\admin\OneDrive - Ngee Ann Polytechnic\Desktop\Sem 2.2\DSA\A\DSA_Assignment\DSA_Assignment\DSA_Assignment\arrayList.h(7): message : see declaration of 'ItemType'
C:\Users\admin\OneDrive - Ngee Ann Polytechnic\Desktop\Sem 2.2\DSA\A\DSA_Assignment\DSA_Assignment\DSA_Assignment\BinaryNode.h(7,17): error C3646: 'item': unknown override specifier
C:\Users\admin\OneDrive - Ngee Ann Polytechnic\Desktop\Sem 2.2\DSA\A\DSA_Assignment\DSA_Assignment\DSA_Assignment\BinaryNode.h(7,17): error C4430: missing type specifier - int assumed. Note: C++ does not support default-int
C:\Users\admin\OneDrive - Ngee Ann Polytechnic\Desktop\Sem 2.2\DSA\A\DSA_Assignment\DSA_Assignment\DSA_Assignment\BST.h(19,30): error C2061: syntax error: identifier 'ItemType'
C:\Users\admin\OneDrive - Ngee Ann Polytechnic\Desktop\Sem 2.2\DSA\A\DSA_Assignment\DSA_Assignment\DSA_Assignment\BST.h(20,48): error C2061: syntax error: identifier 'ItemType'
C:\Users\admin\OneDrive - Ngee Ann Polytechnic\Desktop\Sem 2.2\DSA\A\DSA_Assignment\DSA_Assignment\DSA_Assignment\BST.h(23,23): error C2061: syntax error: identifier 'ItemType'
C:\Users\admin\OneDrive - Ngee Ann Polytechnic\Desktop\Sem 2.2\DSA\A\DSA_Assignment\DSA_Assignment\DSA_Assignment\BST.h(24,42): error C2061: syntax error: identifier 'ItemType'
C:\Users\admin\OneDrive - Ngee Ann Polytechnic\Desktop\Sem 2.2\DSA\A\DSA_Assignment\DSA_Assignment\DSA_Assignment\BST.h(27,23): error C2061: syntax error: identifier 'ItemType'
C:\Users\admin\OneDrive - Ngee Ann Polytechnic\Desktop\Sem 2.2\DSA\A\DSA_Assignment\DSA_Assignment\DSA_Assignment\BST.h(28,42): error C2061: syntax error: identifier 'ItemType'
  BST.cpp
C:\Users\admin\OneDrive - Ngee Ann Polytechnic\Desktop\Sem 2.2\DSA\A\DSA_Assignment\DSA_Assignment\DSA_Assignment\arrayList.h(7,24): error C4430: missing type specifier - int assumed. Note: C++ does not support default-int
C:\Users\admin\OneDrive - Ngee Ann Polytechnic\Desktop\Sem 2.2\DSA\A\DSA_Assignment\DSA_Assignment\DSA_Assignment\arrayList.h(7,16): error C2146: syntax error: missing ';' before identifier 'ItemType'
C:\Users\admin\OneDrive - Ngee Ann Polytechnic\Desktop\Sem 2.2\DSA\A\DSA_Assignment\DSA_Assignment\DSA_Assignment\arrayList.h(11,23): error C3646: 'items': unknown override specifier
C:\Users\admin\OneDrive - Ngee Ann Polytechnic\Desktop\Sem 2.2\DSA\A\DSA_Assignment\DSA_Assignment\DSA_Assignment\arrayList.h(11,23): error C2143: syntax error: missing ',' before '['
C:\Users\admin\OneDrive - Ngee Ann Polytechnic\Desktop\Sem 2.2\DSA\A\DSA_Assignment\DSA_Assignment\DSA_Assignment\arrayList.h(11,33): error C2143: syntax error: missing ')' before ';'
C:\Users\admin\OneDrive - Ngee Ann Polytechnic\Desktop\Sem 2.2\DSA\A\DSA_Assignment\DSA_Assignment\DSA_Assignment\arrayList.h(11,33): error C2238: unexpected token(s) preceding ';'
C:\Users\admin\OneDrive - Ngee Ann Polytechnic\Desktop\Sem 2.2\DSA\A\DSA_Assignment\DSA_Assignment\DSA_Assignment\arrayList.h(17,27): error C2061: syntax error: identifier 'ItemType'
C:\Users\admin\OneDrive - Ngee Ann Polytechnic\Desktop\Sem 2.2\DSA\A\DSA_Assignment\DSA_Assignment\DSA_Assignment\arrayList.h(18,38): error C2061: syntax error: identifier 'ItemType'
C:\Users\admin\OneDrive - Ngee Ann Polytechnic\Desktop\Sem 2.2\DSA\A\DSA_Assignment\DSA_Assignment\DSA_Assignment\Weapon.h(6,7): error C2371: 'Weapon': redefinition; different basic types
C:\Users\admin\OneDrive - Ngee Ann Polytechnic\Desktop\Sem 2.2\DSA\A\DSA_Assignment\DSA_Assignment\DSA_Assignment\arrayList.h(7): message : see declaration of 'Weapon'
C:\Users\admin\OneDrive - Ngee Ann Polytechnic\Desktop\Sem 2.2\DSA\A\DSA_Assignment\DSA_Assignment\DSA_Assignment\BinaryNode.h(3,24): error C2378: 'ItemType': redefinition; symbol cannot be overloaded with a typedef
C:\Users\admin\OneDrive - Ngee Ann Polytechnic\Desktop\Sem 2.2\DSA\A\DSA_Assignment\DSA_Assignment\DSA_Assignment\arrayList.h(7): message : see declaration of 'ItemType'
C:\Users\admin\OneDrive - Ngee Ann Polytechnic\Desktop\Sem 2.2\DSA\A\DSA_Assignment\DSA_Assignment\DSA_Assignment\BinaryNode.h(7,17): error C3646: 'item': unknown override specifier
C:\Users\admin\OneDrive - Ngee Ann Polytechnic\Desktop\Sem 2.2\DSA\A\DSA_Assignment\DSA_Assignment\DSA_Assignment\BinaryNode.h(7,17): error C4430: missing type specifier - int assumed. Note: C++ does not support default-int
C:\Users\admin\OneDrive - Ngee Ann Polytechnic\Desktop\Sem 2.2\DSA\A\DSA_Assignment\DSA_Assignment\DSA_Assignment\BST.h(19,30): error C2061: syntax error: identifier 'ItemType'
C:\Users\admin\OneDrive - Ngee Ann Polytechnic\Desktop\Sem 2.2\DSA\A\DSA_Assignment\DSA_Assignment\DSA_Assignment\BST.h(20,48): error C2061: syntax error: identifier 'ItemType'
C:\Users\admin\OneDrive - Ngee Ann Polytechnic\Desktop\Sem 2.2\DSA\A\DSA_Assignment\DSA_Assignment\DSA_Assignment\BST.h(23,23): error C2061: syntax error: identifier 'ItemType'
C:\Users\admin\OneDrive - Ngee Ann Polytechnic\Desktop\Sem 2.2\DSA\A\DSA_Assignment\DSA_Assignment\DSA_Assignment\BST.h(24,42): error C2061: syntax error: identifier 'ItemType'
C:\Users\admin\OneDrive - Ngee Ann Polytechnic\Desktop\Sem 2.2\DSA\A\DSA_Assignment\DSA_Assignment\DSA_Assignment\BST.h(27,23): error C2061: syntax error: identifier 'ItemType'
C:\Users\admin\OneDrive - Ngee Ann Polytechnic\Desktop\Sem 2.2\DSA\A\DSA_Assignment\DSA_Assignment\DSA_Assignment\BST.h(28,42): error C2061: syntax error: identifier 'ItemType'
C:\Users\admin\OneDrive - Ngee Ann Polytechnic\Desktop\Sem 2.2\DSA\A\DSA_Assignment\DSA_Assignment\DSA_Assignment\BST.cpp(14,34): error C2146: syntax error: missing ')' before identifier 'target'
C:\Users\admin\OneDrive - Ngee Ann Polytechnic\Desktop\Sem 2.2\DSA\A\DSA_Assignment\DSA_Assignment\DSA_Assignment\BST.cpp(14,41): error C2143: syntax error: missing ';' before '{'
C:\Users\admin\OneDrive - Ngee Ann Polytechnic\Desktop\Sem 2.2\DSA\A\DSA_Assignment\DSA_Assignment\DSA_Assignment\BST.cpp(14,41): error C2447: '{': missing function header (old-style formal list?)
C:\Users\admin\OneDrive - Ngee Ann Polytechnic\Desktop\Sem 2.2\DSA\A\DSA_Assignment\DSA_Assignment\DSA_Assignment\BST.cpp(18,49): error C2061: syntax error: identifier 'ItemType'
C:\Users\admin\OneDrive - Ngee Ann Polytechnic\Desktop\Sem 2.2\DSA\A\DSA_Assignment\DSA_Assignment\DSA_Assignment\BST.cpp(24,10): error C2039: 'item': is not a member of 'BinaryNode'
C:\Users\admin\OneDrive - Ngee Ann Polytechnic\Desktop\Sem 2.2\DSA\A\DSA_Assignment\DSA_Assignment\DSA_Assignment\BinaryNode.h(5): message : see declaration of 'BinaryNode'
C:\Users\admin\OneDrive - Ngee Ann Polytechnic\Desktop\Sem 2.2\DSA\A\DSA_Assignment\DSA_Assignment\DSA_Assignment\BST.cpp(24,18): error C2065: 'target': undeclared identifier
C:\Users\admin\OneDrive - Ngee Ann Polytechnic\Desktop\Sem 2.2\DSA\A\DSA_Assignment\DSA_Assignment\DSA_Assignment\BST.cpp(27,8): error C2065: 'target': undeclared identifier
C:\Users\admin\OneDrive - Ngee Ann Polytechnic\Desktop\Sem 2.2\DSA\A\DSA_Assignment\DSA_Assignment\DSA_Assignment\BST.cpp(27,20): error C2039: 'item': is not a member of 'BinaryNode'
C:\Users\admin\OneDrive - Ngee Ann Polytechnic\Desktop\Sem 2.2\DSA\A\DSA_Assignment\DSA_Assignment\DSA_Assignment\BinaryNode.h(5): message : see declaration of 'BinaryNode'
C:\Users\admin\OneDrive - Ngee Ann Polytechnic\Desktop\Sem 2.2\DSA\A\DSA_Assignment\DSA_Assignment\DSA_Assignment\BST.cpp(28,28): error C2065: 'target': undeclared identifier
C:\Users\admin\OneDrive - Ngee Ann Polytechnic\Desktop\Sem 2.2\DSA\A\DSA_Assignment\DSA_Assignment\DSA_Assignment\BST.cpp(30,29): error C2065: 'target': undeclared identifier
C:\Users\admin\OneDrive - Ngee Ann Polytechnic\Desktop\Sem 2.2\DSA\A\DSA_Assignment\DSA_Assignment\DSA_Assignment\BST.cpp(35,27): error C2146: syntax error: missing ')' before identifier 'item'
C:\Users\admin\OneDrive - Ngee Ann Polytechnic\Desktop\Sem 2.2\DSA\A\DSA_Assignment\DSA_Assignment\DSA_Assignment\BST.cpp(35,32): error C2143: syntax error: missing ';' before '{'
C:\Users\admin\OneDrive - Ngee Ann Polytechnic\Desktop\Sem 2.2\DSA\A\DSA_Assignment\DSA_Assignment\DSA_Assignment\BST.cpp(35,32): error C2447: '{': missing function header (old-style formal list?)
C:\Users\admin\OneDrive - Ngee Ann Polytechnic\Desktop\Sem 2.2\DSA\A\DSA_Assignment\DSA_Assignment\DSA_Assignment\BST.cpp(39,43): error C2061: syntax error: identifier 'ItemType'
C:\Users\admin\OneDrive - Ngee Ann Polytechnic\Desktop\Sem 2.2\DSA\A\DSA_Assignment\DSA_Assignment\DSA_Assignment\BST.cpp(42,12): error C2039: 'item': is not a member of 'BinaryNode'
C:\Users\admin\OneDrive - Ngee Ann Polytechnic\Desktop\Sem 2.2\DSA\A\DSA_Assignment\DSA_Assignment\DSA_Assignment\BinaryNode.h(5): message : see declaration of 'BinaryNode'
C:\Users\admin\OneDrive - Ngee Ann Polytechnic\Desktop\Sem 2.2\DSA\A\DSA_Assignment\DSA_Assignment\DSA_Assignment\BST.cpp(42,19): error C2065: 'item': undeclared identifier
C:\Users\admin\OneDrive - Ngee Ann Polytechnic\Desktop\Sem 2.2\DSA\A\DSA_Assignment\DSA_Assignment\DSA_Assignment\BST.cpp(47,11): error C2065: 'item': undeclared identifier
C:\Users\admin\OneDrive - Ngee Ann Polytechnic\Desktop\Sem 2.2\DSA\A\DSA_Assignment\DSA_Assignment\DSA_Assignment\BST.cpp(47,21): error C2039: 'item': is not a member of 'BinaryNode'
C:\Users\admin\OneDrive - Ngee Ann Polytechnic\Desktop\Sem 2.2\DSA\A\DSA_Assignment\DSA_Assignment\DSA_Assignment\BinaryNode.h(5): message : see declaration of 'BinaryNode'
C:\Users\admin\OneDrive - Ngee Ann Polytechnic\Desktop\Sem 2.2\DSA\A\DSA_Assignment\DSA_Assignment\DSA_Assignment\BST.cpp(48,19): error C2065: 'item': undeclared identifier
C:\Users\admin\OneDrive - Ngee Ann Polytechnic\Desktop\Sem 2.2\DSA\A\DSA_Assignment\DSA_Assignment\DSA_Assignment\BST.cpp(50,20): error C2065: 'item': undeclared identifier
C:\Users\admin\OneDrive - Ngee Ann Polytechnic\Desktop\Sem 2.2\DSA\A\DSA_Assignment\DSA_Assignment\DSA_Assignment\BST.cpp(69,14): error C2039: 'item': is not a member of 'BinaryNode'
C:\Users\admin\OneDrive - Ngee Ann Polytechnic\Desktop\Sem 2.2\DSA\A\DSA_Assignment\DSA_Assignment\DSA_Assignment\BinaryNode.h(5): message : see declaration of 'BinaryNode'
C:\Users\admin\OneDrive - Ngee Ann Polytechnic\Desktop\Sem 2.2\DSA\A\DSA_Assignment\DSA_Assignment\DSA_Assignment\BST.cpp(86,14): error C2039: 'item': is not a member of 'BinaryNode'
C:\Users\admin\OneDrive - Ngee Ann Polytechnic\Desktop\Sem 2.2\DSA\A\DSA_Assignment\DSA_Assignment\DSA_Assignment\BinaryNode.h(5): message : see declaration of 'BinaryNode'
C:\Users\admin\OneDrive - Ngee Ann Polytechnic\Desktop\Sem 2.2\DSA\A\DSA_Assignment\DSA_Assignment\DSA_Assignment\BST.cpp(108,14): error C2039: 'item': is not a member of 'BinaryNode'
C:\Users\admin\OneDrive - Ngee Ann Polytechnic\Desktop\Sem 2.2\DSA\A\DSA_Assignment\DSA_Assignment\DSA_Assignment\BinaryNode.h(5): message : see declaration of 'BinaryNode'
C:\Users\admin\OneDrive - Ngee Ann Polytechnic\Desktop\Sem 2.2\DSA\A\DSA_Assignment\DSA_Assignment\DSA_Assignment\BST.cpp(168,27): error C2146: syntax error: missing ')' before identifier 'target'
C:\Users\admin\OneDrive - Ngee Ann Polytechnic\Desktop\Sem 2.2\DSA\A\DSA_Assignment\DSA_Assignment\DSA_Assignment\BST.cpp(168,34): error C2143: syntax error: missing ';' before '{'
C:\Users\admin\OneDrive - Ngee Ann Polytechnic\Desktop\Sem 2.2\DSA\A\DSA_Assignment\DSA_Assignment\DSA_Assignment\BST.cpp(168,34): error C2447: '{': missing function header (old-style formal list?)
C:\Users\admin\OneDrive - Ngee Ann Polytechnic\Desktop\Sem 2.2\DSA\A\DSA_Assignment\DSA_Assignment\DSA_Assignment\BST.cpp(173,43): error C2061: syntax error: identifier 'ItemType'
C:\Users\admin\OneDrive - Ngee Ann Polytechnic\Desktop\Sem 2.2\DSA\A\DSA_Assignment\DSA_Assignment\DSA_Assignment\BST.cpp(175,7): error C2065: 'item': undeclared identifier
C:\Users\admin\OneDrive - Ngee Ann Polytechnic\Desktop\Sem 2.2\DSA\A\DSA_Assignment\DSA_Assignment\DSA_Assignment\BST.cpp(175,17): error C2039: 'item': is not a member of 'BinaryNode'
C:\Users\admin\OneDrive - Ngee Ann Polytechnic\Desktop\Sem 2.2\DSA\A\DSA_Assignment\DSA_Assignment\DSA_Assignment\BinaryNode.h(5): message : see declaration of 'BinaryNode'
C:\Users\admin\OneDrive - Ngee Ann Polytechnic\Desktop\Sem 2.2\DSA\A\DSA_Assignment\DSA_Assignment\DSA_Assignment\BST.cpp(176,20): error C2065: 'item': undeclared identifier
C:\Users\admin\OneDrive - Ngee Ann Polytechnic\Desktop\Sem 2.2\DSA\A\DSA_Assignment\DSA_Assignment\DSA_Assignment\BST.cpp(178,12): error C2065: 'item': undeclared identifier
C:\Users\admin\OneDrive - Ngee Ann Polytechnic\Desktop\Sem 2.2\DSA\A\DSA_Assignment\DSA_Assignment\DSA_Assignment\BST.cpp(178,22): error C2039: 'item': is not a member of 'BinaryNode'
C:\Users\admin\OneDrive - Ngee Ann Polytechnic\Desktop\Sem 2.2\DSA\A\DSA_Assignment\DSA_Assignment\DSA_Assignment\BinaryNode.h(5): message : see declaration of 'BinaryNode'
C:\Users\admin\OneDrive - Ngee Ann Polytechnic\Desktop\Sem 2.2\DSA\A\DSA_Assignment\DSA_Assignment\DSA_Assignment\BST.cpp(179,21): error C2065: 'item': undeclared identifier
C:\Users\admin\OneDrive - Ngee Ann Polytechnic\Desktop\Sem 2.2\DSA\A\DSA_Assignment\DSA_Assignment\DSA_Assignment\BST.cpp(218,14): error C2146: syntax error: missing ';' before identifier 'item'
C:\Users\admin\OneDrive - Ngee Ann Polytechnic\Desktop\Sem 2.2\DSA\A\DSA_Assignment\DSA_Assignment\DSA_Assignment\BST.cpp(218,14): error C2065: 'item': undeclared identifier
C:\Users\admin\OneDrive - Ngee Ann Polytechnic\Desktop\Sem 2.2\DSA\A\DSA_Assignment\DSA_Assignment\DSA_Assignment\BST.cpp(218,32): error C2039: 'item': is not a member of 'BinaryNode'
C:\Users\admin\OneDrive - Ngee Ann Polytechnic\Desktop\Sem 2.2\DSA\A\DSA_Assignment\DSA_Assignment\DSA_Assignment\BinaryNode.h(5): message : see declaration of 'BinaryNode'
C:\Users\admin\OneDrive - Ngee Ann Polytechnic\Desktop\Sem 2.2\DSA\A\DSA_Assignment\DSA_Assignment\DSA_Assignment\BST.cpp(219,21): error C2065: 'item': undeclared identifier
C:\Users\admin\OneDrive - Ngee Ann Polytechnic\Desktop\Sem 2.2\DSA\A\DSA_Assignment\DSA_Assignment\DSA_Assignment\BST.cpp(220,8): error C2039: 'item': is not a member of 'BinaryNode'
C:\Users\admin\OneDrive - Ngee Ann Polytechnic\Desktop\Sem 2.2\DSA\A\DSA_Assignment\DSA_Assignment\DSA_Assignment\BinaryNode.h(5): message : see declaration of 'BinaryNode'
C:\Users\admin\OneDrive - Ngee Ann Polytechnic\Desktop\Sem 2.2\DSA\A\DSA_Assignment\DSA_Assignment\DSA_Assignment\BST.cpp(220,15): error C2065: 'item': undeclared identifier
  DSA-Assigment.cpp
C:\Users\admin\OneDrive - Ngee Ann Polytechnic\Desktop\Sem 2.2\DSA\A\DSA_Assignment\DSA_Assignment\DSA_Assignment\Queue.h(4,16): error C2371: 'ItemType': redefinition; different basic types
C:\Users\admin\OneDrive - Ngee Ann Polytechnic\Desktop\Sem 2.2\DSA\A\DSA_Assignment\DSA_Assignment\DSA_Assignment\arrayList.h(7): message : see declaration of 'ItemType'
  Weapon.cpp
C:\Users\admin\OneDrive - Ngee Ann Polytechnic\Desktop\Sem 2.2\DSA\A\DSA_Assignment\DSA_Assignment\DSA_Assignment\arrayList.h(7,24): error C4430: missing type specifier - int assumed. Note: C++ does not support default-int
C:\Users\admin\OneDrive - Ngee Ann Polytechnic\Desktop\Sem 2.2\DSA\A\DSA_Assignment\DSA_Assignment\DSA_Assignment\arrayList.h(7,16): error C2146: syntax error: missing ';' before identifier 'ItemType'
C:\Users\admin\OneDrive - Ngee Ann Polytechnic\Desktop\Sem 2.2\DSA\A\DSA_Assignment\DSA_Assignment\DSA_Assignment\arrayList.h(11,23): error C3646: 'items': unknown override specifier
C:\Users\admin\OneDrive - Ngee Ann Polytechnic\Desktop\Sem 2.2\DSA\A\DSA_Assignment\DSA_Assignment\DSA_Assignment\arrayList.h(11,23): error C2143: syntax error: missing ',' before '['
C:\Users\admin\OneDrive - Ngee Ann Polytechnic\Desktop\Sem 2.2\DSA\A\DSA_Assignment\DSA_Assignment\DSA_Assignment\arrayList.h(11,33): error C2143: syntax error: missing ')' before ';'
C:\Users\admin\OneDrive - Ngee Ann Polytechnic\Desktop\Sem 2.2\DSA\A\DSA_Assignment\DSA_Assignment\DSA_Assignment\arrayList.h(11,33): error C2238: unexpected token(s) preceding ';'
C:\Users\admin\OneDrive - Ngee Ann Polytechnic\Desktop\Sem 2.2\DSA\A\DSA_Assignment\DSA_Assignment\DSA_Assignment\arrayList.h(17,27): error C2061: syntax error: identifier 'ItemType'
C:\Users\admin\OneDrive - Ngee Ann Polytechnic\Desktop\Sem 2.2\DSA\A\DSA_Assignment\DSA_Assignment\DSA_Assignment\arrayList.h(18,38): error C2061: syntax error: identifier 'ItemType'
C:\Users\admin\OneDrive - Ngee Ann Polytechnic\Desktop\Sem 2.2\DSA\A\DSA_Assignment\DSA_Assignment\DSA_Assignment\Weapon.h(6,7): error C2371: 'Weapon': redefinition; different basic types
C:\Users\admin\OneDrive - Ngee Ann Polytechnic\Desktop\Sem 2.2\DSA\A\DSA_Assignment\DSA_Assignment\DSA_Assignment\arrayList.h(7): message : see declaration of 'Weapon'
  Zombie.cpp
  Generating Code...
